2024-07-13 13:28:12,651 - __main__ - INFO - EXECUTING FILE...
2024-07-13 13:28:12,652 - __main__ - INFO - Requesting page...
2024-07-13 13:28:15,586 - __main__ - INFO - Collecting headers...
2024-07-13 13:28:15,756 - __main__ - INFO - Collecting data...
2024-07-13 13:28:15,904 - __main__ - INFO - Converting data frame to csv...
2024-07-13 13:28:15,959 - __main__ - INFO - Creating db connection...
2024-07-13 13:28:16,104 - __main__ - INFO - Creating table schema...
2024-07-13 13:28:16,105 - __main__ - INFO - Converting data frame to db...
2024-07-13 13:28:16,161 - __main__ - INFO - DONE!
2024-07-13 13:30:10,498 - __main__ - INFO - EXECUTING FILE...
2024-07-13 13:30:10,499 - __main__ - INFO - Requesting page...
2024-07-13 13:30:13,193 - __main__ - INFO - Collecting headers...
2024-07-13 13:30:13,282 - __main__ - INFO - Collecting data...
2024-07-13 13:30:13,348 - __main__ - INFO - Converting data frame to csv...
2024-07-13 13:30:13,372 - __main__ - INFO - Creating db connection...
2024-07-13 13:30:13,403 - __main__ - INFO - Creating table schema...
2024-07-13 13:30:13,404 - __main__ - INFO - Converting data frame to db...
2024-07-13 13:30:13,438 - __main__ - INFO - DONE!

2024-07-13 13:32:05,816 - __main__ - INFO - EXECUTING FILE...
2024-07-13 13:32:05,826 - __main__ - INFO - Requesting page...
2024-07-13 13:32:08,927 - __main__ - INFO - Collecting headers...
2024-07-13 13:32:08,998 - __main__ - INFO - Collecting data...
2024-07-13 13:32:09,051 - __main__ - INFO - Converting data frame to csv...
2024-07-13 13:32:09,076 - __main__ - INFO - Creating db connection...
2024-07-13 13:32:09,090 - __main__ - INFO - Creating table schema...
2024-07-13 13:32:09,094 - __main__ - INFO - Converting data frame to db...
2024-07-13 13:32:09,140 - __main__ - INFO - DONE!

2024-07-13 13:47:20,390 - __main__ - INFO - EXECUTING FILE...
2024-07-13 13:47:20,400 - __main__ - INFO - Requesting page...
2024-07-13 13:47:22,884 - __main__ - INFO - Collecting headers...
2024-07-13 13:47:22,945 - __main__ - INFO - Collecting data...
2024-07-13 13:47:22,998 - __main__ - INFO - Converting data frame to csv...
2024-07-13 13:47:23,033 - __main__ - INFO - Creating db connection...
2024-07-13 13:47:23,054 - __main__ - INFO - Creating table schema...
2024-07-13 13:47:23,055 - __main__ - INFO - Converting data frame to db...
2024-07-13 13:47:23,084 - __main__ - INFO - DONE!

2024-07-13 13:47:23,088 - __main__ - INFO - DB Connection closed!
2024-07-13 13:47:26,216 - __main__ - INFO - EXECUTING FILE...
2024-07-13 13:47:26,226 - __main__ - INFO - Requesting page...
2024-07-13 13:47:28,585 - __main__ - INFO - Collecting headers...
2024-07-13 13:47:28,645 - __main__ - INFO - Collecting data...
2024-07-13 13:47:28,697 - __main__ - INFO - Converting data frame to csv...
2024-07-13 13:47:28,711 - __main__ - INFO - Creating db connection...
2024-07-13 13:47:28,716 - __main__ - INFO - Creating table schema...
2024-07-13 13:47:28,733 - __main__ - INFO - Converting data frame to db...
2024-07-13 13:47:28,742 - __main__ - INFO - DONE!

2024-07-13 13:47:28,746 - __main__ - INFO - DB Connection closed!
2024-07-13 13:49:11,517 - __main__ - INFO - EXECUTING FILE...
2024-07-13 13:49:11,519 - __main__ - INFO - Requesting page...
2024-07-13 13:49:14,072 - __main__ - INFO - Collecting headers...
2024-07-13 13:49:14,169 - __main__ - INFO - Collecting data...
2024-07-13 13:49:14,217 - __main__ - INFO - Converting data frame to csv...
2024-07-13 13:49:14,258 - __main__ - INFO - Creating db connection...
2024-07-13 13:49:14,278 - __main__ - INFO - Creating table schema...
2024-07-13 13:49:14,278 - __main__ - INFO - Converting data frame to db...
2024-07-13 13:49:14,344 - __main__ - INFO - DONE!

2024-07-13 13:49:14,345 - __main__ - INFO - DB Connection closed!
2024-07-13 15:37:15,404 - __main__ - INFO - EXECUTING FILE...
2024-07-13 15:37:15,404 - __main__ - INFO - Requesting page...
2024-07-13 15:37:18,155 - __main__ - INFO - Collecting headers...
2024-07-13 15:37:18,204 - __main__ - INFO - Collecting data...
2024-07-13 15:37:18,239 - __main__ - INFO - Converting data frame to csv...
2024-07-13 15:37:18,264 - __main__ - INFO - Creating db connection...
2024-07-13 15:37:18,281 - __main__ - INFO - Creating table schema...
2024-07-13 15:37:18,281 - __main__ - INFO - Converting data frame to db...
2024-07-13 15:37:18,297 - __main__ - INFO - DONE!

2024-07-13 15:37:18,304 - __main__ - INFO - DB Connection closed!
2024-07-14 04:53:18,029 - __main__ - INFO - EXECUTING FILE...
2024-07-14 04:53:18,139 - __main__ - INFO - Requesting page...
2024-07-14 04:53:19,087 - __main__ - ERROR - request_page() error: BeautifulSoup.__init__() got multiple values for argument 'features'
2024-07-14 04:53:19,097 - __main__ - INFO - Collecting headers...
2024-07-14 04:53:19,097 - __main__ - ERROR - find_table() error: 'ScraperURL' object has no attribute 'soup'
2024-07-14 04:53:19,097 - __main__ - ERROR - find_headers() error: 'ScraperURL' object has no attribute 'table'
2024-07-14 04:53:19,097 - __main__ - INFO - Collecting data...
2024-07-14 04:53:19,097 - __main__ - ERROR - find_data_row() error: 'ScraperURL' object has no attribute 'table'
2024-07-14 04:53:19,097 - __main__ - INFO - Converting data frame to csv...
2024-07-14 04:53:19,097 - __main__ - ERROR - load_df_to_csv() error: 'ScraperURL' object has no attribute 'df'
2024-07-14 04:53:19,097 - __main__ - INFO - Creating db connection...
2024-07-14 04:53:19,175 - __main__ - INFO - Creating table schema...
2024-07-14 04:53:19,175 - __main__ - INFO - Converting data frame to db...
2024-07-14 04:53:19,196 - __main__ - ERROR - load_df_to_db() error: 'ScraperURL' object has no attribute 'df'
2024-07-14 04:53:19,197 - __main__ - INFO - DONE!

2024-07-14 04:53:19,201 - __main__ - INFO - DB Connection closed!
2024-07-14 04:56:17,928 - __main__ - INFO - EXECUTING FILE...
2024-07-14 04:56:17,928 - __main__ - INFO - Requesting page...
2024-07-14 04:56:18,348 - __main__ - ERROR - request_page() error: BeautifulSoup.__init__() got multiple values for argument 'features'
2024-07-14 04:56:18,358 - __main__ - INFO - Collecting headers...
2024-07-14 04:56:18,358 - __main__ - ERROR - find_table() error: 'ScraperURL' object has no attribute 'soup'
2024-07-14 04:56:18,358 - __main__ - ERROR - find_headers() error: 'ScraperURL' object has no attribute 'table'
2024-07-14 04:56:18,358 - __main__ - INFO - Collecting data...
2024-07-14 04:56:18,358 - __main__ - ERROR - find_data_row() error: 'ScraperURL' object has no attribute 'table'
2024-07-14 04:56:18,358 - __main__ - INFO - Converting data frame to csv...
2024-07-14 04:56:18,358 - __main__ - ERROR - load_df_to_csv() error: 'ScraperURL' object has no attribute 'df'
2024-07-14 04:56:18,358 - __main__ - INFO - Creating db connection...
2024-07-14 04:56:18,378 - __main__ - INFO - Creating table schema...
2024-07-14 04:56:18,378 - __main__ - INFO - Converting data frame to db...
2024-07-14 04:56:18,388 - __main__ - ERROR - load_df_to_db() error: 'ScraperURL' object has no attribute 'df'
2024-07-14 04:56:18,388 - __main__ - ERROR - THERE WAS AN ERROR!
2024-07-14 04:56:18,388 - __main__ - INFO - DB Connection closed!
2024-07-14 04:58:43,740 - __main__ - INFO - EXECUTING FILE...
2024-07-14 04:58:43,750 - __main__ - INFO - Requesting page...
2024-07-14 04:58:46,085 - __main__ - INFO - Collecting headers...
2024-07-14 04:58:46,158 - __main__ - INFO - Collecting data...
2024-07-14 04:58:46,202 - __main__ - INFO - Converting data frame to csv...
2024-07-14 04:58:46,231 - __main__ - INFO - Creating db connection...
2024-07-14 04:58:46,242 - __main__ - INFO - Creating table schema...
2024-07-14 04:58:46,242 - __main__ - INFO - Converting data frame to db...
2024-07-14 04:58:46,291 - __main__ - INFO - DONE!

2024-07-14 04:58:46,292 - __main__ - INFO - DB Connection closed!
2024-07-14 05:03:59,984 - __main__ - INFO - EXECUTING FILE...
2024-07-14 05:03:59,994 - __main__ - INFO - Requesting page...
2024-07-14 05:04:02,593 - __main__ - INFO - Collecting headers...
2024-07-14 05:04:02,644 - __main__ - INFO - Collecting data...
2024-07-14 05:04:02,694 - __main__ - INFO - Converting data frame to csv...
2024-07-14 05:04:02,720 - __main__ - INFO - Creating db connection...
2024-07-14 05:04:02,746 - __main__ - INFO - Creating table schema...
2024-07-14 05:04:02,747 - __main__ - INFO - Converting data frame to db...
2024-07-14 05:04:02,779 - __main__ - INFO - DONE!

2024-07-14 05:04:02,779 - __main__ - INFO - DB Connection closed!
2024-07-14 05:08:01,127 - __main__ - INFO - EXECUTING FILE...

2024-07-14 05:08:01,127 - __main__ - INFO - Requesting page...
2024-07-14 05:08:03,420 - __main__ - INFO - Collecting headers...
2024-07-14 05:08:03,484 - __main__ - INFO - Collecting data...
2024-07-14 05:08:03,534 - __main__ - INFO - Converting data frame to csv...
2024-07-14 05:08:03,555 - __main__ - INFO - Creating db connection...
2024-07-14 05:08:03,581 - __main__ - INFO - Creating table schema...
2024-07-14 05:08:03,583 - __main__ - INFO - Converting data frame to db...
2024-07-14 05:08:03,615 - __main__ - INFO - DONE!

2024-07-14 05:08:03,619 - __main__ - INFO - DB Connection closed!
2024-07-14 05:09:26,746 - __main__ - INFO - EXECUTING FILE...

2024-07-14 05:09:26,746 - __main__ - INFO - Requesting page...
2024-07-14 05:09:29,362 - __main__ - INFO - Collecting headers...
2024-07-14 05:09:29,426 - __main__ - INFO - Collecting data...
2024-07-14 05:09:29,463 - __main__ - INFO - Converting data frame to csv...
2024-07-14 05:09:29,500 - __main__ - INFO - Creating db connection...
2024-07-14 05:09:29,525 - __main__ - INFO - Creating table schema...
2024-07-14 05:09:29,528 - __main__ - INFO - Converting data frame to db...
2024-07-14 05:09:29,555 - __main__ - INFO - DONE!

2024-07-14 05:09:29,562 - __main__ - INFO - DB Connection closed!

2024-07-14 05:12:33,355 - __main__ - INFO - EXECUTING FILE...

2024-07-14 05:12:33,355 - __main__ - INFO - Requesting page...
2024-07-14 05:12:35,558 - __main__ - INFO - Collecting headers...
2024-07-14 05:12:35,626 - __main__ - INFO - Collecting data...
2024-07-14 05:12:35,667 - __main__ - INFO - Converting data frame to csv...
2024-07-14 05:12:35,691 - __main__ - INFO - Creating db connection...
2024-07-14 05:12:35,710 - __main__ - INFO - Creating table schema...
2024-07-14 05:12:35,713 - __main__ - INFO - Converting data frame to db...
2024-07-14 05:12:35,756 - __main__ - INFO - DONE!

2024-07-14 05:12:35,756 - __main__ - INFO - DB Connection closed!
2024-07-14 05:15:09,972 - __main__ - INFO - EXECUTING FILE...

2024-07-14 05:15:09,972 - __main__ - INFO - Requesting page...
2024-07-14 05:15:12,587 - __main__ - INFO - Collecting headers...
2024-07-14 05:15:12,762 - __main__ - INFO - Collecting data...
2024-07-14 05:15:12,934 - __main__ - INFO - Converting data frame to csv...
2024-07-14 05:15:12,983 - __main__ - INFO - Creating db connection...
2024-07-14 05:15:13,002 - __main__ - INFO - Creating table schema...
2024-07-14 05:15:13,050 - __main__ - INFO - Converting data frame to db...
2024-07-14 05:15:13,098 - __main__ - INFO - DONE!

2024-07-14 05:15:13,112 - __main__ - INFO - DB Connection closed!
2024-07-14 05:16:45,282 - __main__ - INFO - EXECUTING FILE...

2024-07-14 05:16:45,292 - __main__ - INFO - Requesting page...
2024-07-14 05:16:47,666 - __main__ - INFO - Collecting headers...
2024-07-14 05:16:47,736 - __main__ - INFO - Collecting data...
2024-07-14 05:16:47,776 - __main__ - INFO - Converting data frame to csv...
2024-07-14 05:16:47,807 - __main__ - INFO - Creating db connection...
2024-07-14 05:16:47,827 - __main__ - INFO - Creating table schema...
2024-07-14 05:16:47,827 - __main__ - INFO - Converting data frame to db...
2024-07-14 05:16:47,858 - __main__ - INFO - DONE!

2024-07-14 05:16:47,862 - __main__ - INFO - DB Connection closed!
2024-07-14 05:20:42,704 - __main__ - INFO - EXECUTING FILE...

2024-07-14 05:20:42,705 - __main__ - INFO - Requesting page...
2024-07-14 05:20:45,168 - __main__ - INFO - Collecting headers...
2024-07-14 05:20:45,234 - __main__ - INFO - Collecting data...
2024-07-14 05:20:45,287 - __main__ - INFO - Converting data frame to csv...
2024-07-14 05:20:45,307 - __main__ - INFO - Creating db connection...
2024-07-14 05:20:45,321 - __main__ - INFO - Creating table schema...
2024-07-14 05:20:45,322 - __main__ - INFO - Converting data frame to db...
2024-07-14 05:20:45,648 - __main__ - INFO - DONE!

2024-07-14 05:20:45,754 - __main__ - INFO - DB Connection closed!
2024-07-14 05:21:38,292 - __main__ - INFO - EXECUTING FILE...

2024-07-14 05:21:38,296 - __main__ - INFO - Requesting page...
2024-07-14 05:21:40,613 - __main__ - INFO - Collecting headers...
2024-07-14 05:21:40,693 - __main__ - INFO - Collecting data...
2024-07-14 05:21:40,750 - __main__ - INFO - Converting data frame to csv...
2024-07-14 05:21:40,767 - __main__ - INFO - Creating db connection...
2024-07-14 05:21:40,780 - __main__ - INFO - Creating table schema...
2024-07-14 05:21:40,783 - __main__ - INFO - Converting data frame to db...
2024-07-14 05:21:40,818 - __main__ - INFO - DONE!

2024-07-14 05:21:40,820 - __main__ - INFO - DB Connection closed!
2024-07-14 05:21:57,934 - __main__ - INFO - EXECUTING FILE...

2024-07-14 05:21:57,935 - __main__ - INFO - Requesting page...
2024-07-14 05:22:01,428 - __main__ - INFO - Collecting headers...
2024-07-14 05:22:01,486 - __main__ - INFO - Collecting data...
2024-07-14 05:22:01,545 - __main__ - INFO - Converting data frame to csv...
2024-07-14 05:22:01,560 - __main__ - INFO - Creating db connection...
2024-07-14 05:22:01,564 - __main__ - INFO - Creating table schema...
2024-07-14 05:22:01,567 - __main__ - INFO - Converting data frame to db...
2024-07-14 05:22:01,585 - __main__ - INFO - DONE!

2024-07-14 05:22:01,589 - __main__ - INFO - DB Connection closed!
2024-07-14 05:22:41,927 - __main__ - INFO - EXECUTING FILE...

2024-07-14 05:22:41,930 - __main__ - INFO - Requesting page...
2024-07-14 05:22:44,270 - __main__ - INFO - Collecting headers...
2024-07-14 05:22:44,323 - __main__ - INFO - Collecting data...
2024-07-14 05:22:49,714 - __main__ - INFO - Converting data frame to csv...
2024-07-14 05:22:49,739 - __main__ - INFO - Creating db connection...
2024-07-14 05:22:49,761 - __main__ - INFO - Creating table schema...
2024-07-14 05:22:49,779 - __main__ - INFO - Converting data frame to db...
2024-07-14 05:22:49,844 - __main__ - INFO - DONE!

2024-07-14 05:22:49,848 - __main__ - INFO - DB Connection closed!
2024-07-14 05:23:14,211 - __main__ - INFO - EXECUTING FILE...

2024-07-14 05:23:14,221 - __main__ - INFO - Requesting page...
2024-07-14 05:23:17,746 - __main__ - INFO - Collecting headers...
2024-07-14 05:23:17,923 - __main__ - INFO - Collecting data...
2024-07-14 05:23:26,140 - __main__ - INFO - Converting data frame to csv...
2024-07-14 05:23:26,198 - __main__ - INFO - Creating db connection...
2024-07-14 05:23:26,204 - __main__ - INFO - Creating table schema...
2024-07-14 05:23:26,222 - __main__ - INFO - Converting data frame to db...
2024-07-14 05:23:26,283 - __main__ - INFO - DONE!

2024-07-14 05:23:26,283 - __main__ - INFO - DB Connection closed!
